This is pdfTeX, Version 3.14159265-2.6-1.40.19 (MiKTeX 2.9.6630 64-bit) (preloaded format=pdflatex 2018.5.19)  19 SEP 2018 00:14
entering extended mode
**./ICCAS2018.tex
(ICCAS2018.tex
LaTeX2e <2017-04-15>
Babel <3.18> and hyphenation patterns for 75 language(s) loaded.
(ICCAS2018.cls
Document Style `ICCAS 2017 Conference' <Oct-18-2017>
Rev. 1.0.1
("C:\opt\MiKTeX 2.9\tex\latex\psnfss\times.sty"
Package: times 2005/04/12 PSNFSS-v9.2a (SPQR) 
)
("C:\opt\MiKTeX 2.9\tex\latex\tools\layout.sty"
Package: layout 2014/10/28 v1.2c Show layout parameters
\oneinch=\count79
\cnt@paperwidth=\count80
\cnt@paperheight=\count81
\cnt@hoffset=\count82
\cnt@voffset=\count83
\cnt@textheight=\count84
\cnt@textwidth=\count85
\cnt@topmargin=\count86
\cnt@oddsidemargin=\count87
\cnt@evensidemargin=\count88
\cnt@headheight=\count89
\cnt@headsep=\count90
\cnt@marginparsep=\count91
\cnt@marginparwidth=\count92
\cnt@marginparpush=\count93
\cnt@footskip=\count94
\fheight=\count95
\ref@top=\count96
\ref@hoffset=\count97
\ref@voffset=\count98
\ref@head=\count99
\ref@body=\count100
\ref@foot=\count101
\ref@margin=\count102
\ref@marginwidth=\count103
\ref@marginpar=\count104
\Interval=\count105
\ExtraYPos=\count106
\PositionX=\count107
\PositionY=\count108
\ArrowLength=\count109
)
("C:\opt\MiKTeX 2.9\tex\latex\graphics\graphicx.sty"
Package: graphicx 2017/06/01 v1.1a Enhanced LaTeX Graphics (DPC,SPQR)

("C:\opt\MiKTeX 2.9\tex\latex\graphics\keyval.sty"
Package: keyval 2014/10/28 v1.15 key=value parser (DPC)
\KV@toks@=\toks14
)
("C:\opt\MiKTeX 2.9\tex\latex\graphics\graphics.sty"
Package: graphics 2017/06/25 v1.2c Standard LaTeX Graphics (DPC,SPQR)

("C:\opt\MiKTeX 2.9\tex\latex\graphics\trig.sty"
Package: trig 2016/01/03 v1.10 sin cos tan (DPC)
)
("C:\opt\MiKTeX 2.9\tex\latex\graphics-cfg\graphics.cfg"
File: graphics.cfg 2016/06/04 v1.11 sample graphics configuration
)
Package graphics Info: Driver file: pdftex.def on input line 99.

("C:\opt\MiKTeX 2.9\tex\latex\graphics-def\pdftex.def"
File: pdftex.def 2018/01/08 v1.0l Graphics/color driver for pdftex
))
\Gin@req@height=\dimen102
\Gin@req@width=\dimen103
)
("C:\opt\MiKTeX 2.9\tex\latex\tools\rawfonts.sty"
Package: rawfonts 1994/05/08 Low-level LaTeX 2.09 font compatibility

("C:\opt\MiKTeX 2.9\tex\latex\tools\somedefs.sty"
Package: somedefs 1994/06/01 v0.03 Toolkit for optional definitions
)
LaTeX Font Info:    Try loading font information for U+lasy on input line 49.

("C:\opt\MiKTeX 2.9\tex\latex\base\ulasy.fd"
File: ulasy.fd 1998/08/17 v2.2e LaTeX symbol font definitions
))
("C:\opt\MiKTeX 2.9\tex\latex\base\oldlfont.sty"
Package: oldlfont 2014/09/29 v2.2k Standard LaTeX package

("C:\opt\MiKTeX 2.9\tex\latex\base\tracefnt.sty"
Package: tracefnt 2015/02/21 v3.0k Standard LaTeX package (font tracing)
\tracingfonts=\count110
LaTeX Info: Redefining \selectfont on input line 106.
)
\symbold=\mathgroup4
\symsans=\mathgroup5
\symtypewriter=\mathgroup6
\symitalic=\mathgroup7
\symsmallcaps=\mathgroup8
\symslanted=\mathgroup9
LaTeX Font Info:    Redeclaring math alphabet \mathbf on input line 61.
LaTeX Font Info:    Redeclaring math alphabet \mathsf on input line 62.
LaTeX Font Info:    Redeclaring math alphabet \mathtt on input line 63.
LaTeX Font Info:    Redeclaring math alphabet \mathit on input line 69.
LaTeX Info: Redefining \em on input line 79.

("C:\opt\MiKTeX 2.9\tex\latex\base\latexsym.sty"
Package: latexsym 1998/08/17 v2.2e Standard LaTeX package (lasy symbols)
\symlasy=\mathgroup10
LaTeX Font Info:    Overwriting symbol font `lasy' in version `bold'
(Font)                  U/lasy/m/n --> U/lasy/b/n on input line 52.
))
("C:\opt\MiKTeX 2.9\tex\latex\base\fleqn.clo"
File: fleqn.clo 2016/12/29 v1.2a Standard LaTeX option (flush left equations)
\mathindent=\dimen104
Applying: [2015/01/01] Make \[ robust on input line 50.
LaTeX Info: Redefining \[ on input line 51.
Already applied: [0000/00/00] Make \[ robust on input line 62.
Applying: [2015/01/01] Make \] robust on input line 74.
LaTeX Info: Redefining \] on input line 75.
Already applied: [0000/00/00] Make \] robust on input line 83.
)
-- This is a 10 point document
\tmpitemindent=\dimen105
\c@section=\count111
\c@subsection=\count112
\c@subsubsection=\count113
\captionindent=\skip41
\c@figure=\count114
\c@table=\count115
\c@theorem=\count116
) (ICCAS2018.aux)
\openout1 = `ICCAS2018.aux'.

LaTeX Font Info:    Checking defaults for OML/cmm/m/it on input line 12.
LaTeX Font Info:    ... okay on input line 12.
LaTeX Font Info:    Checking defaults for T1/cmr/m/n on input line 12.
LaTeX Font Info:    ... okay on input line 12.
LaTeX Font Info:    Checking defaults for OT1/cmr/m/n on input line 12.
LaTeX Font Info:    ... okay on input line 12.
LaTeX Font Info:    Checking defaults for OMS/cmsy/m/n on input line 12.
LaTeX Font Info:    ... okay on input line 12.
LaTeX Font Info:    Checking defaults for OMX/cmex/m/n on input line 12.
LaTeX Font Info:    ... okay on input line 12.
LaTeX Font Info:    Checking defaults for U/cmr/m/n on input line 12.
LaTeX Font Info:    ... okay on input line 12.
LaTeX Font Info:    Try loading font information for OT1+ptm on input line 12.
 ("C:\opt\MiKTeX 2.9\tex\latex\psnfss\ot1ptm.fd"
File: ot1ptm.fd 2001/06/04 font definitions for OT1/ptm.
)
("C:\opt\MiKTeX 2.9\tex\context\base\supp-pdf.mkii"
[Loading MPS to PDF converter (version 2006.09.02).]
\scratchcounter=\count117
\scratchdimen=\dimen106
\scratchbox=\box26
\nofMPsegments=\count118
\nofMParguments=\count119
\everyMPshowfont=\toks15
\MPscratchCnt=\count120
\MPscratchDim=\dimen107
\MPnumerator=\count121
\makeMPintoPDFobject=\count122
\everyMPtoPDFconversion=\toks16
) ("C:\opt\MiKTeX 2.9\tex\latex\oberdiek\epstopdf-base.sty"
Package: epstopdf-base 2016/05/15 v2.6 Base part for package epstopdf

("C:\opt\MiKTeX 2.9\tex\generic\oberdiek\infwarerr.sty"
Package: infwarerr 2016/05/16 v1.4 Providing info/warning/error messages (HO)
)
("C:\opt\MiKTeX 2.9\tex\latex\oberdiek\grfext.sty"
Package: grfext 2016/05/16 v1.2 Manage graphics extensions (HO)

("C:\opt\MiKTeX 2.9\tex\generic\oberdiek\kvdefinekeys.sty"
Package: kvdefinekeys 2016/05/16 v1.4 Define keys (HO)

("C:\opt\MiKTeX 2.9\tex\generic\oberdiek\ltxcmds.sty"
Package: ltxcmds 2016/05/16 v1.23 LaTeX kernel commands for general use (HO)
)))
("C:\opt\MiKTeX 2.9\tex\latex\oberdiek\kvoptions.sty"
Package: kvoptions 2016/05/16 v3.12 Key value format for package options (HO)

("C:\opt\MiKTeX 2.9\tex\generic\oberdiek\kvsetkeys.sty"
Package: kvsetkeys 2016/05/16 v1.17 Key value parser (HO)

("C:\opt\MiKTeX 2.9\tex\generic\oberdiek\etexcmds.sty"
Package: etexcmds 2016/05/16 v1.6 Avoid name clashes with e-TeX commands (HO)

("C:\opt\MiKTeX 2.9\tex\generic\oberdiek\ifluatex.sty"
Package: ifluatex 2016/05/16 v1.4 Provides the ifluatex switch (HO)
Package ifluatex Info: LuaTeX not detected.
)
Package etexcmds Info: Could not find \expanded.
(etexcmds)             That can mean that you are not using pdfTeX 1.50 or
(etexcmds)             that some package has redefined \expanded.
(etexcmds)             In the latter case, load this package earlier.
)))
("C:\opt\MiKTeX 2.9\tex\generic\oberdiek\pdftexcmds.sty"
Package: pdftexcmds 2018/01/21 v0.26 Utility functions of pdfTeX for LuaTeX (HO
)

("C:\opt\MiKTeX 2.9\tex\generic\oberdiek\ifpdf.sty"
Package: ifpdf 2017/03/15 v3.2 Provides the ifpdf switch
)
Package pdftexcmds Info: LuaTeX not detected.
Package pdftexcmds Info: \pdf@primitive is available.
Package pdftexcmds Info: \pdf@ifprimitive is available.
Package pdftexcmds Info: \pdfdraftmode found.
)
Package epstopdf-base Info: Redefining graphics rule for `.eps' on input line 4
38.
Package grfext Info: Graphics extension search list:
(grfext)             [.pdf,.png,.jpg,.mps,.jpeg,.jbig2,.jb2,.PDF,.PNG,.JPG,.JPE
G,.JBIG2,.JB2,.eps]
(grfext)             \AppendGraphicsExtensions on input line 456.
)
LaTeX Font Info:    Font shape `OT1/ptm/bx/n' in size <14.4> not available
(Font)              Font shape `OT1/ptm/b/n' tried instead on input line 35.
LaTeX Font Info:    External font `cmex10' loaded for size
(Font)              <12> on input line 35.
LaTeX Font Info:    External font `cmex10' loaded for size
(Font)              <8> on input line 35.
LaTeX Font Info:    External font `cmex10' loaded for size
(Font)              <6> on input line 35.
LaTeX Font Info:    External font `cmex10' loaded for size
(Font)              <7> on input line 35.
LaTeX Font Info:    External font `cmex10' loaded for size
(Font)              <5> on input line 35.
LaTeX Font Info:    Font shape `OT1/ptm/bx/n' in size <10> not available
(Font)              Font shape `OT1/ptm/b/n' tried instead on input line 35.
LaTeX Font Info:    Font shape `OT1/ptm/bx/n' in size <12> not available
(Font)              Font shape `OT1/ptm/b/n' tried instead on input line 39.

Underfull \vbox (badness 10000) has occurred while \output is active []


Underfull \hbox (badness 10000) has occurred while \output is active
   [] 
 []


Overfull \vbox (2.39998pt too high) has occurred while \output is active []


Underfull \hbox (badness 10000) has occurred while \output is active
[]
 []

[1{C:/Users/Vish/AppData/Local/MiKTeX/2.9/pdftex/config/pdftex.map}


]
Underfull \vbox (badness 10000) has occurred while \output is active []


Underfull \vbox (badness 10000) has occurred while \output is active []


Underfull \hbox (badness 10000) has occurred while \output is active
[]
 []

[2]
Underfull \vbox (badness 10000) has occurred while \output is active []

Package epstopdf Info: Source file: <test.eps>
(epstopdf)                    date: 2018-09-18 23:26:55
(epstopdf)                    size: 51650 bytes
(epstopdf)             Output file: <test-eps-converted-to.pdf>
(epstopdf)                    date: 2018-09-18 23:27:11
(epstopdf)                    size: 16098 bytes
(epstopdf)             Command: <epstopdf --outfile=test-eps-converted-to.pdf t
est.eps>
(epstopdf)             \includegraphics on input line 352.
Package epstopdf Info: Output file is already uptodate.
<test-eps-converted-to.pdf, id=14, 178.6675pt x 99.37125pt>
File: test-eps-converted-to.pdf Graphic file (type pdf)
<use test-eps-converted-to.pdf>
Package pdftex.def Info: test-eps-converted-to.pdf  used on input line 352.
(pdftex.def)             Requested size: 153.47656pt x 85.35826pt.

Underfull \hbox (badness 10000) has occurred while \output is active
[]
 []

[3]
Underfull \hbox (badness 10000) detected at line 398
\OT1/ptm/m/n/10 [1]
 []


Underfull \hbox (badness 10000) detected at line 403
\OT1/ptm/m/n/10 [2]
 []


Underfull \hbox (badness 10000) detected at line 409
\OT1/ptm/m/n/10 [3]
 []


Underfull \hbox (badness 10000) has occurred while \output is active
[]
 []

[4

 <./test-eps-converted-to.pdf>] (ICCAS2018.aux) ) 
Here is how much of TeX's memory you used:
 1807 strings out of 493305
 25034 string characters out of 3143197
 114483 words of memory out of 3000000
 5302 multiletter control sequences out of 15000+200000
 36757 words of font info for 110 fonts, out of 3000000 for 9000
 1141 hyphenation exceptions out of 8191
 41i,11n,25p,278b,245s stack positions out of 5000i,500n,10000p,200000b,50000s
{C:/opt/MiKTeX 2.9/fonts/enc/d
vips/base/8r.enc}<C:/opt/MiKTeX 2.9/fonts/type1/public/amsfonts/cm/cmmi10.pfb><
C:/opt/MiKTeX 2.9/fonts/type1/public/amsfonts/cm/cmr10.pfb><C:/opt/MiKTeX 2.9/f
onts/type1/public/amsfonts/cm/cmr7.pfb><C:/opt/MiKTeX 2.9/fonts/type1/public/am
sfonts/cm/cmr8.pfb><C:/opt/MiKTeX 2.9/fonts/type1/public/amsfonts/cm/cmsy10.pfb
><C:/opt/MiKTeX 2.9/fonts/type1/public/amsfonts/cm/cmsy7.pfb><C:/opt/MiKTeX 2.9
/fonts/type1/public/amsfonts/cm/cmsy8.pfb><C:/opt/MiKTeX 2.9/fonts/type1/urw/ti
mes/utmb8a.pfb><C:/opt/MiKTeX 2.9/fonts/type1/urw/times/utmr8a.pfb><C:/opt/MiKT
eX 2.9/fonts/type1/urw/times/utmri8a.pfb>
Output written on ICCAS2018.pdf (4 pages, 127149 bytes).
PDF statistics:
 66 PDF objects out of 1000 (max. 8388607)
 0 named destinations out of 1000 (max. 500000)
 6 words of extra memory for PDF output out of 10000 (max. 10000000)

