This is pdfTeX, Version 3.14159265-2.6-1.40.19 (MiKTeX 2.9.6630 64-bit) (preloaded format=pdflatex 2018.5.19)  9 OCT 2018 13:05
entering extended mode
**./INDICONBEAMER.tex
(INDICONBEAMER.tex
LaTeX2e <2017-04-15>
Babel <3.18> and hyphenation patterns for 75 language(s) loaded.
("C:\opt\MiKTeX 2.9\tex\latex\beamer\beamer.cls"
Document Class: beamer 2018/09/20 v3.54 A class for typesetting presentations
("C:\opt\MiKTeX 2.9\tex\latex\beamer\beamerbasemodes.sty"
("C:\opt\MiKTeX 2.9\tex\latex\etoolbox\etoolbox.sty"
Package: etoolbox 2018/02/11 v2.5e e-TeX tools for LaTeX (JAW)
\etb@tempcnta=\count79
)
\beamer@tempbox=\box26
\beamer@tempcount=\count80
\c@beamerpauses=\count81

("C:\opt\MiKTeX 2.9\tex\latex\beamer\beamerbasedecode.sty"
\beamer@slideinframe=\count82
\beamer@minimum=\count83
)
\beamer@commentbox=\box27
\beamer@modecount=\count84
)
("C:\opt\MiKTeX 2.9\tex\generic\oberdiek\ifpdf.sty"
Package: ifpdf 2017/03/15 v3.2 Provides the ifpdf switch
)
\headdp=\dimen102
\footheight=\dimen103
\sidebarheight=\dimen104
\beamer@tempdim=\dimen105
\beamer@finalheight=\dimen106
\beamer@animht=\dimen107
\beamer@animdp=\dimen108
\beamer@animwd=\dimen109
\beamer@leftmargin=\dimen110
\beamer@rightmargin=\dimen111
\beamer@leftsidebar=\dimen112
\beamer@rightsidebar=\dimen113
\beamer@boxsize=\dimen114
\beamer@vboxoffset=\dimen115
\beamer@descdefault=\dimen116
\beamer@descriptionwidth=\dimen117
\beamer@lastskip=\skip41
\beamer@areabox=\box28
\beamer@animcurrent=\box29
\beamer@animshowbox=\box30
\beamer@sectionbox=\box31
\beamer@logobox=\box32
\beamer@linebox=\box33
\beamer@sectioncount=\count85
\beamer@subsubsectionmax=\count86
\beamer@subsectionmax=\count87
\beamer@sectionmax=\count88
\beamer@totalheads=\count89
\beamer@headcounter=\count90
\beamer@partstartpage=\count91
\beamer@sectionstartpage=\count92
\beamer@subsectionstartpage=\count93
\beamer@animationtempa=\count94
\beamer@animationtempb=\count95
\beamer@xpos=\count96
\beamer@ypos=\count97
\beamer@ypos@offset=\count98
\beamer@showpartnumber=\count99
\beamer@currentsubsection=\count100
\beamer@coveringdepth=\count101
\beamer@sectionadjust=\count102
\beamer@tocsectionnumber=\count103

("C:\opt\MiKTeX 2.9\tex\latex\beamer\beamerbaseoptions.sty"
("C:\opt\MiKTeX 2.9\tex\latex\graphics\keyval.sty"
Package: keyval 2014/10/28 v1.15 key=value parser (DPC)
\KV@toks@=\toks14
))
\beamer@paperwidth=\skip42
\beamer@paperheight=\skip43

("C:\opt\MiKTeX 2.9\tex\latex\geometry\geometry.sty"
Package: geometry 2010/09/12 v5.6 Page Geometry

("C:\opt\MiKTeX 2.9\tex\generic\oberdiek\ifvtex.sty"
Package: ifvtex 2016/05/16 v1.6 Detect VTeX and its facilities (HO)
Package ifvtex Info: VTeX not detected.
)
("C:\opt\MiKTeX 2.9\tex\generic\ifxetex\ifxetex.sty"
Package: ifxetex 2010/09/12 v0.6 Provides ifxetex conditional
)
\Gm@cnth=\count104
\Gm@cntv=\count105
\c@Gm@tempcnt=\count106
\Gm@bindingoffset=\dimen118
\Gm@wd@mp=\dimen119
\Gm@odd@mp=\dimen120
\Gm@even@mp=\dimen121
\Gm@layoutwidth=\dimen122
\Gm@layoutheight=\dimen123
\Gm@layouthoffset=\dimen124
\Gm@layoutvoffset=\dimen125
\Gm@dimlist=\toks15

("C:\opt\MiKTeX 2.9\tex\latex\geometry\geometry.cfg"))

Class beamer Warning: ``red'' is obsolete. Use color theme structure instead on
 input line 336.

("C:\opt\MiKTeX 2.9\tex\latex\base\size10.clo"
File: size10.clo 2014/09/29 v1.4h Standard LaTeX file (size option)
)
("C:\opt\MiKTeX 2.9\tex\latex\pgf\basiclayer\pgfcore.sty"
("C:\opt\MiKTeX 2.9\tex\latex\graphics\graphicx.sty"
Package: graphicx 2017/06/01 v1.1a Enhanced LaTeX Graphics (DPC,SPQR)

("C:\opt\MiKTeX 2.9\tex\latex\graphics\graphics.sty"
Package: graphics 2017/06/25 v1.2c Standard LaTeX Graphics (DPC,SPQR)

("C:\opt\MiKTeX 2.9\tex\latex\graphics\trig.sty"
Package: trig 2016/01/03 v1.10 sin cos tan (DPC)
)
("C:\opt\MiKTeX 2.9\tex\latex\graphics-cfg\graphics.cfg"
File: graphics.cfg 2016/06/04 v1.11 sample graphics configuration
)
Package graphics Info: Driver file: pdftex.def on input line 99.

("C:\opt\MiKTeX 2.9\tex\latex\graphics-def\pdftex.def"
File: pdftex.def 2018/01/08 v1.0l Graphics/color driver for pdftex
))
\Gin@req@height=\dimen126
\Gin@req@width=\dimen127
)
("C:\opt\MiKTeX 2.9\tex\latex\pgf\systemlayer\pgfsys.sty"
("C:\opt\MiKTeX 2.9\tex\latex\pgf\utilities\pgfrcs.sty"
("C:\opt\MiKTeX 2.9\tex\generic\pgf\utilities\pgfutil-common.tex"
\pgfutil@everybye=\toks16
\pgfutil@tempdima=\dimen128
\pgfutil@tempdimb=\dimen129

("C:\opt\MiKTeX 2.9\tex\generic\pgf\utilities\pgfutil-common-lists.tex"))
("C:\opt\MiKTeX 2.9\tex\generic\pgf\utilities\pgfutil-latex.def"
\pgfutil@abb=\box34

("C:\opt\MiKTeX 2.9\tex\latex\ms\everyshi.sty"
Package: everyshi 2001/05/15 v3.00 EveryShipout Package (MS)
))
("C:\opt\MiKTeX 2.9\tex\generic\pgf\utilities\pgfrcs.code.tex"
Package: pgfrcs 2015/08/07 v3.0.1a (rcs-revision 1.31)
))
("C:\opt\MiKTeX 2.9\tex\generic\pgf\systemlayer\pgfsys.code.tex"
Package: pgfsys 2014/07/09 v3.0.1a (rcs-revision 1.48)

("C:\opt\MiKTeX 2.9\tex\generic\pgf\utilities\pgfkeys.code.tex"
\pgfkeys@pathtoks=\toks17
\pgfkeys@temptoks=\toks18

("C:\opt\MiKTeX 2.9\tex\generic\pgf\utilities\pgfkeysfiltered.code.tex"
\pgfkeys@tmptoks=\toks19
))
\pgf@x=\dimen130
\pgf@y=\dimen131
\pgf@xa=\dimen132
\pgf@ya=\dimen133
\pgf@xb=\dimen134
\pgf@yb=\dimen135
\pgf@xc=\dimen136
\pgf@yc=\dimen137
\w@pgf@writea=\write3
\r@pgf@reada=\read1
\c@pgf@counta=\count107
\c@pgf@countb=\count108
\c@pgf@countc=\count109
\c@pgf@countd=\count110
\t@pgf@toka=\toks20
\t@pgf@tokb=\toks21
\t@pgf@tokc=\toks22

("C:\opt\MiKTeX 2.9\tex\generic\pgf\systemlayer\pgf.cfg"
File: pgf.cfg 2008/05/14  (rcs-revision 1.7)
)
Driver file for pgf: pgfsys-pdftex.def

("C:\opt\MiKTeX 2.9\tex\generic\pgf\systemlayer\pgfsys-pdftex.def"
File: pgfsys-pdftex.def 2014/10/11  (rcs-revision 1.35)

("C:\opt\MiKTeX 2.9\tex\generic\pgf\systemlayer\pgfsys-common-pdf.def"
File: pgfsys-common-pdf.def 2013/10/10  (rcs-revision 1.13)
)))
("C:\opt\MiKTeX 2.9\tex\generic\pgf\systemlayer\pgfsyssoftpath.code.tex"
File: pgfsyssoftpath.code.tex 2013/09/09  (rcs-revision 1.9)
\pgfsyssoftpath@smallbuffer@items=\count111
\pgfsyssoftpath@bigbuffer@items=\count112
)
("C:\opt\MiKTeX 2.9\tex\generic\pgf\systemlayer\pgfsysprotocol.code.tex"
File: pgfsysprotocol.code.tex 2006/10/16  (rcs-revision 1.4)
))
("C:\opt\MiKTeX 2.9\tex\latex\xcolor\xcolor.sty"
Package: xcolor 2016/05/11 v2.12 LaTeX color extensions (UK)

("C:\opt\MiKTeX 2.9\tex\latex\graphics-cfg\color.cfg"
File: color.cfg 2016/01/02 v1.6 sample color configuration
)
Package xcolor Info: Driver file: pdftex.def on input line 225.

("C:\opt\MiKTeX 2.9\tex\latex\colortbl\colortbl.sty"
Package: colortbl 2018/05/02 v1.0c Color table columns (DPC)

("C:\opt\MiKTeX 2.9\tex\latex\tools\array.sty"
Package: array 2016/10/06 v2.4d Tabular extension package (FMi)
\col@sep=\dimen138
\extrarowheight=\dimen139
\NC@list=\toks23
\extratabsurround=\skip44
\backup@length=\skip45
)
\everycr=\toks24
\minrowclearance=\skip46
)
\rownum=\count113
Package xcolor Info: Model `cmy' substituted by `cmy0' on input line 1348.
Package xcolor Info: Model `hsb' substituted by `rgb' on input line 1352.
Package xcolor Info: Model `RGB' extended on input line 1364.
Package xcolor Info: Model `HTML' substituted by `rgb' on input line 1366.
Package xcolor Info: Model `Hsb' substituted by `hsb' on input line 1367.
Package xcolor Info: Model `tHsb' substituted by `hsb' on input line 1368.
Package xcolor Info: Model `HSB' substituted by `hsb' on input line 1369.
Package xcolor Info: Model `Gray' substituted by `gray' on input line 1370.
Package xcolor Info: Model `wave' substituted by `hsb' on input line 1371.
)
("C:\opt\MiKTeX 2.9\tex\generic\pgf\basiclayer\pgfcore.code.tex"
Package: pgfcore 2010/04/11 v3.0.1a (rcs-revision 1.7)

("C:\opt\MiKTeX 2.9\tex\generic\pgf\math\pgfmath.code.tex"
("C:\opt\MiKTeX 2.9\tex\generic\pgf\math\pgfmathcalc.code.tex"
("C:\opt\MiKTeX 2.9\tex\generic\pgf\math\pgfmathutil.code.tex")
("C:\opt\MiKTeX 2.9\tex\generic\pgf\math\pgfmathparser.code.tex"
\pgfmath@dimen=\dimen140
\pgfmath@count=\count114
\pgfmath@box=\box35
\pgfmath@toks=\toks25
\pgfmath@stack@operand=\toks26
\pgfmath@stack@operation=\toks27
)
("C:\opt\MiKTeX 2.9\tex\generic\pgf\math\pgfmathfunctions.code.tex"
("C:\opt\MiKTeX 2.9\tex\generic\pgf\math\pgfmathfunctions.basic.code.tex")
("C:\opt\MiKTeX 2.9\tex\generic\pgf\math\pgfmathfunctions.trigonometric.code.te
x") ("C:\opt\MiKTeX 2.9\tex\generic\pgf\math\pgfmathfunctions.random.code.tex")
("C:\opt\MiKTeX 2.9\tex\generic\pgf\math\pgfmathfunctions.comparison.code.tex")
("C:\opt\MiKTeX 2.9\tex\generic\pgf\math\pgfmathfunctions.base.code.tex")
("C:\opt\MiKTeX 2.9\tex\generic\pgf\math\pgfmathfunctions.round.code.tex")
("C:\opt\MiKTeX 2.9\tex\generic\pgf\math\pgfmathfunctions.misc.code.tex")
("C:\opt\MiKTeX 2.9\tex\generic\pgf\math\pgfmathfunctions.integerarithmetics.co
de.tex"))) ("C:\opt\MiKTeX 2.9\tex\generic\pgf\math\pgfmathfloat.code.tex"
\c@pgfmathroundto@lastzeros=\count115
))
("C:\opt\MiKTeX 2.9\tex\generic\pgf\basiclayer\pgfcorepoints.code.tex"
File: pgfcorepoints.code.tex 2013/10/07  (rcs-revision 1.27)
\pgf@picminx=\dimen141
\pgf@picmaxx=\dimen142
\pgf@picminy=\dimen143
\pgf@picmaxy=\dimen144
\pgf@pathminx=\dimen145
\pgf@pathmaxx=\dimen146
\pgf@pathminy=\dimen147
\pgf@pathmaxy=\dimen148
\pgf@xx=\dimen149
\pgf@xy=\dimen150
\pgf@yx=\dimen151
\pgf@yy=\dimen152
\pgf@zx=\dimen153
\pgf@zy=\dimen154
)
("C:\opt\MiKTeX 2.9\tex\generic\pgf\basiclayer\pgfcorepathconstruct.code.tex"
File: pgfcorepathconstruct.code.tex 2013/10/07  (rcs-revision 1.29)
\pgf@path@lastx=\dimen155
\pgf@path@lasty=\dimen156
)
("C:\opt\MiKTeX 2.9\tex\generic\pgf\basiclayer\pgfcorepathusage.code.tex"
File: pgfcorepathusage.code.tex 2014/11/02  (rcs-revision 1.24)
\pgf@shorten@end@additional=\dimen157
\pgf@shorten@start@additional=\dimen158
)
("C:\opt\MiKTeX 2.9\tex\generic\pgf\basiclayer\pgfcorescopes.code.tex"
File: pgfcorescopes.code.tex 2015/05/08  (rcs-revision 1.46)
\pgfpic=\box36
\pgf@hbox=\box37
\pgf@layerbox@main=\box38
\pgf@picture@serial@count=\count116
)
("C:\opt\MiKTeX 2.9\tex\generic\pgf\basiclayer\pgfcoregraphicstate.code.tex"
File: pgfcoregraphicstate.code.tex 2014/11/02  (rcs-revision 1.12)
\pgflinewidth=\dimen159
)
("C:\opt\MiKTeX 2.9\tex\generic\pgf\basiclayer\pgfcoretransformations.code.tex"
File: pgfcoretransformations.code.tex 2015/08/07  (rcs-revision 1.20)
\pgf@pt@x=\dimen160
\pgf@pt@y=\dimen161
\pgf@pt@temp=\dimen162
) ("C:\opt\MiKTeX 2.9\tex\generic\pgf\basiclayer\pgfcorequick.code.tex"
File: pgfcorequick.code.tex 2008/10/09  (rcs-revision 1.3)
)
("C:\opt\MiKTeX 2.9\tex\generic\pgf\basiclayer\pgfcoreobjects.code.tex"
File: pgfcoreobjects.code.tex 2006/10/11  (rcs-revision 1.2)
)
("C:\opt\MiKTeX 2.9\tex\generic\pgf\basiclayer\pgfcorepathprocessing.code.tex"
File: pgfcorepathprocessing.code.tex 2013/09/09  (rcs-revision 1.9)
) ("C:\opt\MiKTeX 2.9\tex\generic\pgf\basiclayer\pgfcorearrows.code.tex"
File: pgfcorearrows.code.tex 2015/05/14  (rcs-revision 1.43)
\pgfarrowsep=\dimen163
)
("C:\opt\MiKTeX 2.9\tex\generic\pgf\basiclayer\pgfcoreshade.code.tex"
File: pgfcoreshade.code.tex 2013/07/15  (rcs-revision 1.15)
\pgf@max=\dimen164
\pgf@sys@shading@range@num=\count117
)
("C:\opt\MiKTeX 2.9\tex\generic\pgf\basiclayer\pgfcoreimage.code.tex"
File: pgfcoreimage.code.tex 2013/07/15  (rcs-revision 1.18)

("C:\opt\MiKTeX 2.9\tex\generic\pgf\basiclayer\pgfcoreexternal.code.tex"
File: pgfcoreexternal.code.tex 2014/07/09  (rcs-revision 1.21)
\pgfexternal@startupbox=\box39
))
("C:\opt\MiKTeX 2.9\tex\generic\pgf\basiclayer\pgfcorelayers.code.tex"
File: pgfcorelayers.code.tex 2013/07/18  (rcs-revision 1.7)
)
("C:\opt\MiKTeX 2.9\tex\generic\pgf\basiclayer\pgfcoretransparency.code.tex"
File: pgfcoretransparency.code.tex 2013/09/30  (rcs-revision 1.5)
)
("C:\opt\MiKTeX 2.9\tex\generic\pgf\basiclayer\pgfcorepatterns.code.tex"
File: pgfcorepatterns.code.tex 2013/11/07  (rcs-revision 1.5)
)))
("C:\opt\MiKTeX 2.9\tex\latex\pgf\utilities\xxcolor.sty"
Package: xxcolor 2003/10/24 ver 0.1
\XC@nummixins=\count118
\XC@countmixins=\count119
)
("C:\opt\MiKTeX 2.9\tex\generic\oberdiek\atbegshi.sty"
Package: atbegshi 2016/06/09 v1.18 At begin shipout hook (HO)

("C:\opt\MiKTeX 2.9\tex\generic\oberdiek\infwarerr.sty"
Package: infwarerr 2016/05/16 v1.4 Providing info/warning/error messages (HO)
)
("C:\opt\MiKTeX 2.9\tex\generic\oberdiek\ltxcmds.sty"
Package: ltxcmds 2016/05/16 v1.23 LaTeX kernel commands for general use (HO)
))
("C:\opt\MiKTeX 2.9\tex\latex\hyperref\hyperref.sty"
Package: hyperref 2018/02/06 v6.86b Hypertext links for LaTeX

("C:\opt\MiKTeX 2.9\tex\generic\oberdiek\hobsub-hyperref.sty"
Package: hobsub-hyperref 2016/05/16 v1.14 Bundle oberdiek, subset hyperref (HO)


("C:\opt\MiKTeX 2.9\tex\generic\oberdiek\hobsub-generic.sty"
Package: hobsub-generic 2016/05/16 v1.14 Bundle oberdiek, subset generic (HO)
Package: hobsub 2016/05/16 v1.14 Construct package bundles (HO)
Package hobsub Info: Skipping package `infwarerr' (already loaded).
Package hobsub Info: Skipping package `ltxcmds' (already loaded).
Package: ifluatex 2016/05/16 v1.4 Provides the ifluatex switch (HO)
Package ifluatex Info: LuaTeX not detected.
Package hobsub Info: Skipping package `ifvtex' (already loaded).
Package: intcalc 2016/05/16 v1.2 Expandable calculations with integers (HO)
Package hobsub Info: Skipping package `ifpdf' (already loaded).
Package: etexcmds 2016/05/16 v1.6 Avoid name clashes with e-TeX commands (HO)
Package etexcmds Info: Could not find \expanded.
(etexcmds)             That can mean that you are not using pdfTeX 1.50 or
(etexcmds)             that some package has redefined \expanded.
(etexcmds)             In the latter case, load this package earlier.
Package: kvsetkeys 2016/05/16 v1.17 Key value parser (HO)
Package: kvdefinekeys 2016/05/16 v1.4 Define keys (HO)
Package: pdftexcmds 2018/01/21 v0.26 Utility functions of pdfTeX for LuaTeX (HO
)
Package pdftexcmds Info: LuaTeX not detected.
Package pdftexcmds Info: \pdf@primitive is available.
Package pdftexcmds Info: \pdf@ifprimitive is available.
Package pdftexcmds Info: \pdfdraftmode found.
Package: pdfescape 2016/05/16 v1.14 Implements pdfTeX's escape features (HO)
Package: bigintcalc 2016/05/16 v1.4 Expandable calculations on big integers (HO
)
Package: bitset 2016/05/16 v1.2 Handle bit-vector datatype (HO)
Package: uniquecounter 2016/05/16 v1.3 Provide unlimited unique counter (HO)
)
Package hobsub Info: Skipping package `hobsub' (already loaded).
Package: letltxmacro 2016/05/16 v1.5 Let assignment for LaTeX macros (HO)
Package: hopatch 2016/05/16 v1.3 Wrapper for package hooks (HO)
Package: xcolor-patch 2016/05/16 xcolor patch
Package: atveryend 2016/05/16 v1.9 Hooks at the very end of document (HO)
Package hobsub Info: Skipping package `atbegshi' (already loaded).
Package: refcount 2016/05/16 v3.5 Data extraction from label references (HO)
Package: hycolor 2016/05/16 v1.8 Color options for hyperref/bookmark (HO)
)
("C:\opt\MiKTeX 2.9\tex\latex\oberdiek\auxhook.sty"
Package: auxhook 2016/05/16 v1.4 Hooks for auxiliary files (HO)
)
("C:\opt\MiKTeX 2.9\tex\latex\oberdiek\kvoptions.sty"
Package: kvoptions 2016/05/16 v3.12 Key value format for package options (HO)
)
\@linkdim=\dimen165
\Hy@linkcounter=\count120
\Hy@pagecounter=\count121

("C:\opt\MiKTeX 2.9\tex\latex\hyperref\pd1enc.def"
File: pd1enc.def 2018/02/06 v6.86b Hyperref: PDFDocEncoding definition (HO)
)
\Hy@SavedSpaceFactor=\count122

("C:\opt\MiKTeX 2.9\tex\latex\00miktex\hyperref.cfg"
File: hyperref.cfg 2002/06/06 v1.2 hyperref configuration of TeXLive
)
Package hyperref Info: Option `bookmarks' set `true' on input line 4383.
Package hyperref Info: Option `bookmarksopen' set `true' on input line 4383.
Package hyperref Info: Option `implicit' set `false' on input line 4383.
Package hyperref Info: Hyper figures OFF on input line 4509.
Package hyperref Info: Link nesting OFF on input line 4514.
Package hyperref Info: Hyper index ON on input line 4517.
Package hyperref Info: Plain pages OFF on input line 4524.
Package hyperref Info: Backreferencing OFF on input line 4529.
Package hyperref Info: Implicit mode OFF; no redefinition of LaTeX internals.
Package hyperref Info: Bookmarks ON on input line 4762.
\c@Hy@tempcnt=\count123

("C:\opt\MiKTeX 2.9\tex\latex\url\url.sty"
\Urlmuskip=\muskip10
Package: url 2013/09/16  ver 3.4  Verb mode for urls, etc.
)
LaTeX Info: Redefining \url on input line 5115.
\XeTeXLinkMargin=\dimen166
\Fld@menulength=\count124
\Field@Width=\dimen167
\Fld@charsize=\dimen168
Package hyperref Info: Hyper figures OFF on input line 6369.
Package hyperref Info: Link nesting OFF on input line 6374.
Package hyperref Info: Hyper index ON on input line 6377.
Package hyperref Info: backreferencing OFF on input line 6384.
Package hyperref Info: Link coloring OFF on input line 6389.
Package hyperref Info: Link coloring with OCG OFF on input line 6394.
Package hyperref Info: PDF/A mode OFF on input line 6399.
LaTeX Info: Redefining \ref on input line 6439.
LaTeX Info: Redefining \pageref on input line 6443.
\Hy@abspage=\count125


Package hyperref Message: Stopped early.

)
Package hyperref Info: Driver (autodetected): hpdftex.
 ("C:\opt\MiKTeX 2.9\tex\latex\hyperref\hpdftex.def"
File: hpdftex.def 2018/02/06 v6.86b Hyperref driver for pdfTeX
\Fld@listcount=\count126
\c@bookmark@seq@number=\count127

("C:\opt\MiKTeX 2.9\tex\latex\oberdiek\rerunfilecheck.sty"
Package: rerunfilecheck 2016/05/16 v1.8 Rerun checks for auxiliary files (HO)
Package uniquecounter Info: New unique counter `rerunfilecheck' on input line 2
82.
))
("C:\opt\MiKTeX 2.9\tex\latex\beamer\beamerbaserequires.sty"
("C:\opt\MiKTeX 2.9\tex\latex\beamer\beamerbasecompatibility.sty")
("C:\opt\MiKTeX 2.9\tex\latex\beamer\beamerbasefont.sty"
("C:\opt\MiKTeX 2.9\tex\latex\amsfonts\amssymb.sty"
Package: amssymb 2013/01/14 v3.01 AMS font symbols

("C:\opt\MiKTeX 2.9\tex\latex\amsfonts\amsfonts.sty"
Package: amsfonts 2013/01/14 v3.01 Basic AMSFonts support
\@emptytoks=\toks28
\symAMSa=\mathgroup4
\symAMSb=\mathgroup5
LaTeX Font Info:    Overwriting math alphabet `\mathfrak' in version `bold'
(Font)                  U/euf/m/n --> U/euf/b/n on input line 106.
))
("C:\opt\MiKTeX 2.9\tex\latex\sansmathaccent\sansmathaccent.sty"
Package: sansmathaccent 2013/03/28

("C:\opt\MiKTeX 2.9\tex\latex\filehook\filehook.sty"
Package: filehook 2011/10/12 v0.5d Hooks for input files
)))
("C:\opt\MiKTeX 2.9\tex\latex\beamer\beamerbasetranslator.sty"
("C:\opt\MiKTeX 2.9\tex\latex\translator\translator.sty"
Package: translator 2018/01/04 v1.12 Easy translation of strings in LaTeX
))
("C:\opt\MiKTeX 2.9\tex\latex\beamer\beamerbasemisc.sty")
("C:\opt\MiKTeX 2.9\tex\latex\beamer\beamerbasetwoscreens.sty")
("C:\opt\MiKTeX 2.9\tex\latex\beamer\beamerbaseoverlay.sty"
\beamer@argscount=\count128
\beamer@lastskipcover=\skip47
\beamer@trivlistdepth=\count129
)
("C:\opt\MiKTeX 2.9\tex\latex\beamer\beamerbasetitle.sty")
("C:\opt\MiKTeX 2.9\tex\latex\beamer\beamerbasesection.sty"
\c@lecture=\count130
\c@part=\count131
\c@section=\count132
\c@subsection=\count133
\c@subsubsection=\count134
)
("C:\opt\MiKTeX 2.9\tex\latex\beamer\beamerbaseframe.sty"
\beamer@framebox=\box40
\beamer@frametitlebox=\box41
\beamer@zoombox=\box42
\beamer@zoomcount=\count135
\beamer@zoomframecount=\count136
\beamer@frametextheight=\dimen169
\c@subsectionslide=\count137
\beamer@frametopskip=\skip48
\beamer@framebottomskip=\skip49
\beamer@frametopskipautobreak=\skip50
\beamer@framebottomskipautobreak=\skip51
\beamer@envbody=\toks29
\framewidth=\dimen170
\c@framenumber=\count138
)
("C:\opt\MiKTeX 2.9\tex\latex\beamer\beamerbaseverbatim.sty"
\beamer@verbatimfileout=\write4
)
("C:\opt\MiKTeX 2.9\tex\latex\beamer\beamerbaseframesize.sty"
\beamer@splitbox=\box43
\beamer@autobreakcount=\count139
\beamer@autobreaklastheight=\dimen171
\beamer@frametitletoks=\toks30
\beamer@framesubtitletoks=\toks31
)
("C:\opt\MiKTeX 2.9\tex\latex\beamer\beamerbaseframecomponents.sty"
\beamer@footins=\box44
)
("C:\opt\MiKTeX 2.9\tex\latex\beamer\beamerbasecolor.sty")
("C:\opt\MiKTeX 2.9\tex\latex\beamer\beamerbasenotes.sty"
\beamer@frameboxcopy=\box45
)
("C:\opt\MiKTeX 2.9\tex\latex\beamer\beamerbasetoc.sty")
("C:\opt\MiKTeX 2.9\tex\latex\beamer\beamerbasetemplates.sty"
\beamer@sbttoks=\toks32

("C:\opt\MiKTeX 2.9\tex\latex\beamer\beamerbaseauxtemplates.sty"
("C:\opt\MiKTeX 2.9\tex\latex\beamer\beamerbaseboxes.sty"
\bmb@box=\box46
\bmb@colorbox=\box47
\bmb@boxshadow=\box48
\bmb@boxshadowball=\box49
\bmb@boxshadowballlarge=\box50
\bmb@temp=\dimen172
\bmb@dima=\dimen173
\bmb@dimb=\dimen174
\bmb@prevheight=\dimen175
)
\beamer@blockheadheight=\dimen176
))
("C:\opt\MiKTeX 2.9\tex\latex\beamer\beamerbaselocalstructure.sty"
("C:\opt\MiKTeX 2.9\tex\latex\tools\enumerate.sty"
Package: enumerate 2015/07/23 v3.00 enumerate extensions (DPC)
\@enLab=\toks33
)
\c@figure=\count140
\c@table=\count141
\abovecaptionskip=\skip52
\belowcaptionskip=\skip53
)
("C:\opt\MiKTeX 2.9\tex\latex\beamer\beamerbasenavigation.sty"
\beamer@section@min@dim=\dimen177
)
("C:\opt\MiKTeX 2.9\tex\latex\beamer\beamerbasetheorems.sty"
("C:\opt\MiKTeX 2.9\tex\latex\amsmath\amsmath.sty"
Package: amsmath 2017/09/02 v2.17a AMS math features
\@mathmargin=\skip54

For additional information on amsmath, use the `?' option.
("C:\opt\MiKTeX 2.9\tex\latex\amsmath\amstext.sty"
Package: amstext 2000/06/29 v2.01 AMS text

("C:\opt\MiKTeX 2.9\tex\latex\amsmath\amsgen.sty"
File: amsgen.sty 1999/11/30 v2.0 generic functions
\@emptytoks=\toks34
\ex@=\dimen178
))
("C:\opt\MiKTeX 2.9\tex\latex\amsmath\amsbsy.sty"
Package: amsbsy 1999/11/29 v1.2d Bold Symbols
\pmbraise@=\dimen179
)
("C:\opt\MiKTeX 2.9\tex\latex\amsmath\amsopn.sty"
Package: amsopn 2016/03/08 v2.02 operator names
)
\inf@bad=\count142
LaTeX Info: Redefining \frac on input line 213.
\uproot@=\count143
\leftroot@=\count144
LaTeX Info: Redefining \overline on input line 375.
\classnum@=\count145
\DOTSCASE@=\count146
LaTeX Info: Redefining \ldots on input line 472.
LaTeX Info: Redefining \dots on input line 475.
LaTeX Info: Redefining \cdots on input line 596.
\Mathstrutbox@=\box51
\strutbox@=\box52
\big@size=\dimen180
LaTeX Font Info:    Redeclaring font encoding OML on input line 712.
LaTeX Font Info:    Redeclaring font encoding OMS on input line 713.
\macc@depth=\count147
\c@MaxMatrixCols=\count148
\dotsspace@=\muskip11
\c@parentequation=\count149
\dspbrk@lvl=\count150
\tag@help=\toks35
\row@=\count151
\column@=\count152
\maxfields@=\count153
\andhelp@=\toks36
\eqnshift@=\dimen181
\alignsep@=\dimen182
\tagshift@=\dimen183
\tagwidth@=\dimen184
\totwidth@=\dimen185
\lineht@=\dimen186
\@envbody=\toks37
\multlinegap=\skip55
\multlinetaggap=\skip56
\mathdisplay@stack=\toks38
LaTeX Info: Redefining \[ on input line 2817.
LaTeX Info: Redefining \] on input line 2818.
)
("C:\opt\MiKTeX 2.9\tex\latex\amscls\amsthm.sty"
Package: amsthm 2017/10/31 v2.20.4
\thm@style=\toks39
\thm@bodyfont=\toks40
\thm@headfont=\toks41
\thm@notefont=\toks42
\thm@headpunct=\toks43
\thm@preskip=\skip57
\thm@postskip=\skip58
\thm@headsep=\skip59
\dth@everypar=\toks44
)
\c@theorem=\count154
)
("C:\opt\MiKTeX 2.9\tex\latex\beamer\beamerbasethemes.sty"))
("C:\opt\MiKTeX 2.9\tex\latex\beamer\beamerthemedefault.sty"
("C:\opt\MiKTeX 2.9\tex\latex\beamer\beamerfontthemedefault.sty")
("C:\opt\MiKTeX 2.9\tex\latex\beamer\beamercolorthemedefault.sty")
("C:\opt\MiKTeX 2.9\tex\latex\beamer\beamerinnerthemedefault.sty"
\beamer@dima=\dimen187
\beamer@dimb=\dimen188
)
("C:\opt\MiKTeX 2.9\tex\latex\beamer\beamerouterthemedefault.sty"))
("C:\opt\MiKTeX 2.9\tex\latex\beamer\beamercolorthemestructure.sty"))
("C:\opt\MiKTeX 2.9\tex\latex\beamer\beamerthemesplit.sty"
("C:\opt\MiKTeX 2.9\tex\latex\beamer\beamercolorthemewhale.sty")
("C:\opt\MiKTeX 2.9\tex\latex\beamer\beamerouterthemesplit.sty")
("C:\opt\MiKTeX 2.9\tex\latex\beamer\beamerfontthemestructurebold.sty"))
("C:\opt\MiKTeX 2.9\tex\latex\booktabs\booktabs.sty"
Package: booktabs 2005/04/14 v1.61803 publication quality tables
\heavyrulewidth=\dimen189
\lightrulewidth=\dimen190
\cmidrulewidth=\dimen191
\belowrulesep=\dimen192
\belowbottomsep=\dimen193
\aboverulesep=\dimen194
\abovetopsep=\dimen195
\cmidrulesep=\dimen196
\cmidrulekern=\dimen197
\defaultaddspace=\dimen198
\@cmidla=\count155
\@cmidlb=\count156
\@aboverulesep=\dimen199
\@belowrulesep=\dimen256
\@thisruleclass=\count157
\@lastruleclass=\count158
\@thisrulewidth=\dimen257
)
("C:\opt\MiKTeX 2.9\tex\latex\listings\listings.sty"
\lst@mode=\count159
\lst@gtempboxa=\box53
\lst@token=\toks45
\lst@length=\count160
\lst@currlwidth=\dimen258
\lst@column=\count161
\lst@pos=\count162
\lst@lostspace=\dimen259
\lst@width=\dimen260
\lst@newlines=\count163
\lst@lineno=\count164
\lst@maxwidth=\dimen261

("C:\opt\MiKTeX 2.9\tex\latex\listings\lstmisc.sty"
File: lstmisc.sty 2015/06/04 1.6 (Carsten Heinz)
\c@lstnumber=\count165
\lst@skipnumbers=\count166
\lst@framebox=\box54
)
("C:\opt\MiKTeX 2.9\tex\latex\listings\listings.cfg"
File: listings.cfg 2015/06/04 1.6 listings configuration
))
Package: listings 2015/06/04 1.6 (Carsten Heinz)

("C:\opt\MiKTeX 2.9\tex\latex\tools\verbatim.sty"
Package: verbatim 2014/10/28 v1.5q LaTeX2e package for verbatim enhancements
\every@verbatim=\toks46
\verbatim@line=\toks47
\verbatim@in@stream=\read2
)
("C:\opt\MiKTeX 2.9\tex\latex\moreverb\moreverb.sty"
Package: moreverb 2008/06/03 v2.3a `more' verbatim facilities
\tab@position=\count167
\tab@size=\count168
\listing@line=\count169
)
("C:\opt\MiKTeX 2.9\tex\latex\multirow\multirow.sty"
Package: multirow 2016/11/25 v2.2 Span multiple rows of a table
\multirow@colwidth=\skip60
\multirow@cntb=\count170
\multirow@dima=\skip61
\bigstrutjot=\dimen262
)
("C:\opt\MiKTeX 2.9\tex\latex\pgf\frontendlayer\tikz.sty"
("C:\opt\MiKTeX 2.9\tex\latex\pgf\basiclayer\pgf.sty"
Package: pgf 2015/08/07 v3.0.1a (rcs-revision 1.15)

("C:\opt\MiKTeX 2.9\tex\generic\pgf\modules\pgfmoduleshapes.code.tex"
File: pgfmoduleshapes.code.tex 2014/03/21  (rcs-revision 1.35)
\pgfnodeparttextbox=\box55
)
("C:\opt\MiKTeX 2.9\tex\generic\pgf\modules\pgfmoduleplot.code.tex"
File: pgfmoduleplot.code.tex 2015/08/03  (rcs-revision 1.13)
)
("C:\opt\MiKTeX 2.9\tex\latex\pgf\compatibility\pgfcomp-version-0-65.sty"
Package: pgfcomp-version-0-65 2007/07/03 v3.0.1a (rcs-revision 1.7)
\pgf@nodesepstart=\dimen263
\pgf@nodesepend=\dimen264
)
("C:\opt\MiKTeX 2.9\tex\latex\pgf\compatibility\pgfcomp-version-1-18.sty"
Package: pgfcomp-version-1-18 2007/07/23 v3.0.1a (rcs-revision 1.1)
))
("C:\opt\MiKTeX 2.9\tex\latex\pgf\utilities\pgffor.sty"
("C:\opt\MiKTeX 2.9\tex\latex\pgf\utilities\pgfkeys.sty"
("C:\opt\MiKTeX 2.9\tex\generic\pgf\utilities\pgfkeys.code.tex"))
("C:\opt\MiKTeX 2.9\tex\latex\pgf\math\pgfmath.sty"
("C:\opt\MiKTeX 2.9\tex\generic\pgf\math\pgfmath.code.tex"))
("C:\opt\MiKTeX 2.9\tex\generic\pgf\utilities\pgffor.code.tex"
Package: pgffor 2013/12/13 v3.0.1a (rcs-revision 1.25)

("C:\opt\MiKTeX 2.9\tex\generic\pgf\math\pgfmath.code.tex")
\pgffor@iter=\dimen265
\pgffor@skip=\dimen266
\pgffor@stack=\toks48
\pgffor@toks=\toks49
))
("C:\opt\MiKTeX 2.9\tex\generic\pgf\frontendlayer\tikz\tikz.code.tex"
Package: tikz 2015/08/07 v3.0.1a (rcs-revision 1.151)

("C:\opt\MiKTeX 2.9\tex\generic\pgf\libraries\pgflibraryplothandlers.code.tex"
File: pgflibraryplothandlers.code.tex 2013/08/31 v3.0.1a (rcs-revision 1.20)
\pgf@plot@mark@count=\count171
\pgfplotmarksize=\dimen267
)
\tikz@lastx=\dimen268
\tikz@lasty=\dimen269
\tikz@lastxsaved=\dimen270
\tikz@lastysaved=\dimen271
\tikzleveldistance=\dimen272
\tikzsiblingdistance=\dimen273
\tikz@figbox=\box56
\tikz@figbox@bg=\box57
\tikz@tempbox=\box58
\tikz@tempbox@bg=\box59
\tikztreelevel=\count172
\tikznumberofchildren=\count173
\tikznumberofcurrentchild=\count174
\tikz@fig@count=\count175
("C:\opt\MiKTeX 2.9\tex\generic\pgf\modules\pgfmodulematrix.code.tex"
File: pgfmodulematrix.code.tex 2013/09/17  (rcs-revision 1.8)
\pgfmatrixcurrentrow=\count176
\pgfmatrixcurrentcolumn=\count177
\pgf@matrix@numberofcolumns=\count178
)
\tikz@expandcount=\count179

("C:\opt\MiKTeX 2.9\tex\generic\pgf\frontendlayer\tikz\libraries\tikzlibrarytop
aths.code.tex"
File: tikzlibrarytopaths.code.tex 2008/06/17 v3.0.1a (rcs-revision 1.2)
)))
("C:\opt\MiKTeX 2.9\tex\generic\pgf\frontendlayer\tikz\libraries\tikzlibraryarr
ows.code.tex"
File: tikzlibraryarrows.code.tex 2008/01/09 v3.0.1a (rcs-revision 1.1)

("C:\opt\MiKTeX 2.9\tex\generic\pgf\libraries\pgflibraryarrows.code.tex"
File: pgflibraryarrows.code.tex 2013/09/23 v3.0.1a (rcs-revision 1.16)
\arrowsize=\dimen274
))

Package hyperref Warning: Token not allowed in a PDF string (PDFDocEncoding):
(hyperref)                removing `\\' on input line 122.

(INDICONBEAMER.aux)
\openout1 = `INDICONBEAMER.aux'.

LaTeX Font Info:    Checking defaults for OML/cmm/m/it on input line 131.
LaTeX Font Info:    ... okay on input line 131.
LaTeX Font Info:    Checking defaults for T1/cmr/m/n on input line 131.
LaTeX Font Info:    ... okay on input line 131.
LaTeX Font Info:    Checking defaults for OT1/cmr/m/n on input line 131.
LaTeX Font Info:    ... okay on input line 131.
LaTeX Font Info:    Checking defaults for OMS/cmsy/m/n on input line 131.
LaTeX Font Info:    ... okay on input line 131.
LaTeX Font Info:    Checking defaults for OMX/cmex/m/n on input line 131.
LaTeX Font Info:    ... okay on input line 131.
LaTeX Font Info:    Checking defaults for U/cmr/m/n on input line 131.
LaTeX Font Info:    ... okay on input line 131.
LaTeX Font Info:    Checking defaults for PD1/pdf/m/n on input line 131.
LaTeX Font Info:    ... okay on input line 131.

*geometry* driver: auto-detecting
*geometry* detected driver: pdftex
*geometry* verbose mode - [ preamble ] result:
* driver: pdftex
* paper: custom
* layout: <same size as paper>
* layoutoffset:(h,v)=(0.0pt,0.0pt)
* modes: includehead includefoot 
* h-part:(L,W,R)=(28.45274pt, 307.28987pt, 28.45274pt)
* v-part:(T,H,B)=(0.0pt, 273.14662pt, 0.0pt)
* \paperwidth=364.19536pt
* \paperheight=273.14662pt
* \textwidth=307.28987pt
* \textheight=244.6939pt
* \oddsidemargin=-43.81725pt
* \evensidemargin=-43.81725pt
* \topmargin=-72.26999pt
* \headheight=14.22636pt
* \headsep=0.0pt
* \topskip=10.0pt
* \footskip=14.22636pt
* \marginparwidth=3.0pt
* \marginparsep=11.0pt
* \columnsep=10.0pt
* \skip\footins=9.0pt plus 4.0pt minus 2.0pt
* \hoffset=0.0pt
* \voffset=0.0pt
* \mag=1000
* \@twocolumnfalse
* \@twosidefalse
* \@mparswitchfalse
* \@reversemarginfalse
* (1in=72.27pt=25.4mm, 1cm=28.453pt)

("C:\opt\MiKTeX 2.9\tex\context\base\supp-pdf.mkii"
[Loading MPS to PDF converter (version 2006.09.02).]
\scratchcounter=\count180
\scratchdimen=\dimen275
\scratchbox=\box60
\nofMPsegments=\count181
\nofMParguments=\count182
\everyMPshowfont=\toks50
\MPscratchCnt=\count183
\MPscratchDim=\dimen276
\MPnumerator=\count184
\makeMPintoPDFobject=\count185
\everyMPtoPDFconversion=\toks51
) ("C:\opt\MiKTeX 2.9\tex\latex\oberdiek\epstopdf-base.sty"
Package: epstopdf-base 2016/05/15 v2.6 Base part for package epstopdf

("C:\opt\MiKTeX 2.9\tex\latex\oberdiek\grfext.sty"
Package: grfext 2016/05/16 v1.2 Manage graphics extensions (HO)
)
Package epstopdf-base Info: Redefining graphics rule for `.eps' on input line 4
38.
Package grfext Info: Graphics extension search list:
(grfext)             [.pdf,.png,.jpg,.mps,.jpeg,.jbig2,.jb2,.PDF,.PNG,.JPG,.JPE
G,.JBIG2,.JB2,.eps]
(grfext)             \AppendGraphicsExtensions on input line 456.
)
ABD: EveryShipout initializing macros
\AtBeginShipoutBox=\box61
Package hyperref Info: Link coloring OFF on input line 131.

("C:\opt\MiKTeX 2.9\tex\latex\hyperref\nameref.sty"
Package: nameref 2016/05/21 v2.44 Cross-referencing by name of section

("C:\opt\MiKTeX 2.9\tex\generic\oberdiek\gettitlestring.sty"
Package: gettitlestring 2016/05/16 v1.5 Cleanup title references (HO)
)
\c@section@level=\count186
)
LaTeX Info: Redefining \ref on input line 131.
LaTeX Info: Redefining \pageref on input line 131.
LaTeX Info: Redefining \nameref on input line 131.

(INDICONBEAMER.out) (INDICONBEAMER.out)
\@outlinefile=\write5
\openout5 = `INDICONBEAMER.out'.

LaTeX Font Info:    Overwriting symbol font `operators' in version `normal'
(Font)                  OT1/cmr/m/n --> OT1/cmss/m/n on input line 131.
LaTeX Font Info:    Overwriting symbol font `operators' in version `bold'
(Font)                  OT1/cmr/bx/n --> OT1/cmss/bx/n on input line 131.
\symnumbers=\mathgroup6
\sympureletters=\mathgroup7
LaTeX Font Info:    Overwriting math alphabet `\mathrm' in version `normal'
(Font)                  OT1/cmss/m/n --> OT1/cmr/m/n on input line 131.
LaTeX Font Info:    Redeclaring math alphabet \mathbf on input line 131.
LaTeX Font Info:    Overwriting math alphabet `\mathbf' in version `normal'
(Font)                  OT1/cmr/bx/n --> OT1/cmss/bx/n on input line 131.
LaTeX Font Info:    Overwriting math alphabet `\mathbf' in version `bold'
(Font)                  OT1/cmr/bx/n --> OT1/cmss/bx/n on input line 131.
LaTeX Font Info:    Redeclaring math alphabet \mathsf on input line 131.
LaTeX Font Info:    Overwriting math alphabet `\mathsf' in version `normal'
(Font)                  OT1/cmss/m/n --> OT1/cmss/m/n on input line 131.
LaTeX Font Info:    Overwriting math alphabet `\mathsf' in version `bold'
(Font)                  OT1/cmss/bx/n --> OT1/cmss/m/n on input line 131.
LaTeX Font Info:    Redeclaring math alphabet \mathit on input line 131.
LaTeX Font Info:    Overwriting math alphabet `\mathit' in version `normal'
(Font)                  OT1/cmr/m/it --> OT1/cmss/m/it on input line 131.
LaTeX Font Info:    Overwriting math alphabet `\mathit' in version `bold'
(Font)                  OT1/cmr/bx/it --> OT1/cmss/m/it on input line 131.
LaTeX Font Info:    Redeclaring math alphabet \mathtt on input line 131.
LaTeX Font Info:    Overwriting math alphabet `\mathtt' in version `normal'
(Font)                  OT1/cmtt/m/n --> OT1/cmtt/m/n on input line 131.
LaTeX Font Info:    Overwriting math alphabet `\mathtt' in version `bold'
(Font)                  OT1/cmtt/m/n --> OT1/cmtt/m/n on input line 131.
LaTeX Font Info:    Overwriting symbol font `numbers' in version `bold'
(Font)                  OT1/cmss/m/n --> OT1/cmss/bx/n on input line 131.
LaTeX Font Info:    Overwriting symbol font `pureletters' in version `bold'
(Font)                  OT1/cmss/m/it --> OT1/cmss/bx/it on input line 131.
LaTeX Font Info:    Overwriting math alphabet `\mathrm' in version `bold'
(Font)                  OT1/cmss/bx/n --> OT1/cmr/bx/n on input line 131.
LaTeX Font Info:    Overwriting math alphabet `\mathbf' in version `bold'
(Font)                  OT1/cmss/bx/n --> OT1/cmss/bx/n on input line 131.
LaTeX Font Info:    Overwriting math alphabet `\mathsf' in version `bold'
(Font)                  OT1/cmss/m/n --> OT1/cmss/bx/n on input line 131.
LaTeX Font Info:    Overwriting math alphabet `\mathit' in version `bold'
(Font)                  OT1/cmss/m/it --> OT1/cmss/bx/it on input line 131.
LaTeX Font Info:    Overwriting math alphabet `\mathtt' in version `bold'
(Font)                  OT1/cmtt/m/n --> OT1/cmtt/bx/n on input line 131.
LaTeX Font Info:    Redeclaring symbol font `pureletters' on input line 131.
LaTeX Font Info:    Overwriting symbol font `pureletters' in version `normal'
(Font)                  OT1/cmss/m/it --> OT1/mathkerncmss/m/sl on input line 1
31.
LaTeX Font Info:    Overwriting symbol font `pureletters' in version `bold'
(Font)                  OT1/cmss/bx/it --> OT1/mathkerncmss/m/sl on input line 
131.
LaTeX Font Info:    Overwriting symbol font `pureletters' in version `bold'
(Font)                  OT1/mathkerncmss/m/sl --> OT1/mathkerncmss/bx/sl on inp
ut line 131.

("C:\opt\MiKTeX 2.9\tex\latex\translator\translator-basic-dictionary-English.di
ct"
Dictionary: translator-basic-dictionary, Language: English 
)
("C:\opt\MiKTeX 2.9\tex\latex\translator\translator-bibliography-dictionary-Eng
lish.dict"
Dictionary: translator-bibliography-dictionary, Language: English 
)
("C:\opt\MiKTeX 2.9\tex\latex\translator\translator-environment-dictionary-Engl
ish.dict"
Dictionary: translator-environment-dictionary, Language: English 
)
("C:\opt\MiKTeX 2.9\tex\latex\translator\translator-months-dictionary-English.d
ict"
Dictionary: translator-months-dictionary, Language: English 
)
("C:\opt\MiKTeX 2.9\tex\latex\translator\translator-numbers-dictionary-English.
dict"
Dictionary: translator-numbers-dictionary, Language: English 
)
("C:\opt\MiKTeX 2.9\tex\latex\translator\translator-theorem-dictionary-English.
dict"
Dictionary: translator-theorem-dictionary, Language: English 
)
\c@lstlisting=\count187
 (INDICONBEAMER.nav)
Overfull \hbox (12.35657pt too wide) in paragraph at lines 131--131
 [][][][] 
 []


Overfull \hbox (4.21147pt too wide) detected at line 131
  []\OT1/cmss/bx/n/5 Performance of UDE based controller with second order actu
ator in the loop[] 
 []


Overfull \hbox (4.21147pt too wide) has occurred while \output is active
  []\OT1/cmss/bx/n/5 Performance of UDE based controller with second order actu
ator in the loop[] 
 []


Overfull \hbox (12.35657pt too wide) has occurred while \output is active
 [][][][] 
 []

[1{C:/Users/Vish/AppData/Local/MiKTeX/2.9/pdftex/config/pdftex.map}

]
(INDICONBEAMER.toc
LaTeX Font Info:    Try loading font information for U+msa on input line 8.
 ("C:\opt\MiKTeX 2.9\tex\latex\amsfonts\umsa.fd"
File: umsa.fd 2013/01/14 v3.01 AMS symbols A
)
LaTeX Font Info:    Try loading font information for U+msb on input line 8.

("C:\opt\MiKTeX 2.9\tex\latex\amsfonts\umsb.fd"
File: umsb.fd 2013/01/14 v3.01 AMS symbols B
)
LaTeX Font Info:    Try loading font information for OT1+mathkerncmss on input 
line 8.

("C:\opt\MiKTeX 2.9\tex\latex\sansmathaccent\ot1mathkerncmss.fd"
File: ot1mathkerncmss.fd 2013/03/27 Fontinst v1.933 font definitions for OT1/ma
thkerncmss.
))
Overfull \hbox (4.21147pt too wide) has occurred while \output is active
  []\OT1/cmss/bx/n/5 Performance of UDE based controller with second order actu
ator in the loop[] 
 []


Overfull \hbox (12.35657pt too wide) has occurred while \output is active
 [][][][] 
 []

[2

]
Overfull \hbox (4.21147pt too wide) has occurred while \output is active
  []\OT1/cmss/bx/n/5 Performance of UDE based controller with second order actu
ator in the loop[] 
 []


Overfull \hbox (12.35657pt too wide) has occurred while \output is active
 [][][][] 
 []

[3

]
Overfull \hbox (4.21147pt too wide) has occurred while \output is active
  []\OT1/cmss/bx/n/5 Performance of UDE based controller with second order actu
ator in the loop[] 
 []


Overfull \hbox (12.35657pt too wide) has occurred while \output is active
 [][][][] 
 []

[4

]

pdfTeX warning: pdflatex.exe (file ./fig1.pdf): PDF inclusion: found PDF versio
n <1.7>, but at most version <1.5> allowed
<fig1.pdf, id=238, 358.88078pt x 81.21341pt>
File: fig1.pdf Graphic file (type pdf)
<use fig1.pdf>
Package pdftex.def Info: fig1.pdf  used on input line 212.
(pdftex.def)             Requested size: 245.83282pt x 55.63083pt.

Overfull \hbox (4.21147pt too wide) has occurred while \output is active
  []\OT1/cmss/bx/n/5 Performance of UDE based controller with second order actu
ator in the loop[] 
 []


Overfull \hbox (12.35657pt too wide) has occurred while \output is active
 [][][][] 
 []

[5

 <./fig1.pdf>]
Overfull \hbox (4.21147pt too wide) has occurred while \output is active
  []\OT1/cmss/bx/n/5 Performance of UDE based controller with second order actu
ator in the loop[] 
 []


Overfull \hbox (12.35657pt too wide) has occurred while \output is active
 [][][][] 
 []

[6

]
Overfull \hbox (4.21147pt too wide) has occurred while \output is active
  []\OT1/cmss/bx/n/5 Performance of UDE based controller with second order actu
ator in the loop[] 
 []


Overfull \hbox (12.35657pt too wide) has occurred while \output is active
 [][][][] 
 []

[7

]
Overfull \hbox (4.21147pt too wide) has occurred while \output is active
  []\OT1/cmss/bx/n/5 Performance of UDE based controller with second order actu
ator in the loop[] 
 []


Overfull \hbox (12.35657pt too wide) has occurred while \output is active
 [][][][] 
 []

[8

]
Overfull \hbox (4.21147pt too wide) has occurred while \output is active
  []\OT1/cmss/bx/n/5 Performance of UDE based controller with second order actu
ator in the loop[] 
 []


Overfull \hbox (12.35657pt too wide) has occurred while \output is active
 [][][][] 
 []

[9

]
Overfull \hbox (4.21147pt too wide) has occurred while \output is active
  []\OT1/cmss/bx/n/5 Performance of UDE based controller with second order actu
ator in the loop[] 
 []


Overfull \hbox (15.10658pt too wide) has occurred while \output is active
 [][][][] 
 []

[10

]

pdfTeX warning: pdflatex.exe (file ./fig2a.pdf): PDF inclusion: found PDF versi
on <1.7>, but at most version <1.5> allowed
<fig2a.pdf, id=488, 416.55624pt x 340.27126pt>
File: fig2a.pdf Graphic file (type pdf)
<use fig2a.pdf>
Package pdftex.def Info: fig2a.pdf  used on input line 405.
(pdftex.def)             Requested size: 105.2751pt x 85.99179pt.


pdfTeX warning: pdflatex.exe (file ./fig2b.pdf): PDF inclusion: found PDF versi
on <1.7>, but at most version <1.5> allowed
<fig2b.pdf, id=489, 416.55624pt x 340.27126pt>
File: fig2b.pdf Graphic file (type pdf)
<use fig2b.pdf>
Package pdftex.def Info: fig2b.pdf  used on input line 405.
(pdftex.def)             Requested size: 105.2751pt x 85.99179pt.


pdfTeX warning: pdflatex.exe (file ./fig2c.pdf): PDF inclusion: found PDF versi
on <1.7>, but at most version <1.5> allowed
<fig2c.pdf, id=490, 416.55624pt x 340.27126pt>
File: fig2c.pdf Graphic file (type pdf)
<use fig2c.pdf>
Package pdftex.def Info: fig2c.pdf  used on input line 405.
(pdftex.def)             Requested size: 105.2751pt x 85.99179pt.

Overfull \hbox (4.21147pt too wide) has occurred while \output is active
  []\OT1/cmss/bx/n/5 Performance of UDE based controller with second order actu
ator in the loop[] 
 []


Overfull \hbox (15.10658pt too wide) has occurred while \output is active
 [][][][] 
 []

[11

 <./fig2a.pdf> <./fig2b.pdf> <./fig2c.pdf>]

Package amsmath Warning: Foreign command \over;
(amsmath)                \frac or \genfrac should be used instead
(amsmath)                 on input line 430.



pdfTeX warning: pdflatex.exe (file ./fig4.pdf): PDF inclusion: found PDF versio
n <1.7>, but at most version <1.5> allowed
<fig4.pdf, id=537, 500.14854pt x 72.17967pt>
File: fig4.pdf Graphic file (type pdf)
<use fig4.pdf>
Package pdftex.def Info: fig4.pdf  used on input line 430.
(pdftex.def)             Requested size: 245.83282pt x 35.47737pt.

Overfull \hbox (4.21147pt too wide) has occurred while \output is active
  \OT1/cmss/bx/n/5 Performance of UDE based controller with second order actuat
or in the loop 
 []


Overfull \hbox (15.10658pt too wide) has occurred while \output is active
 [][][][] 
 []

[12

 <./fig4.pdf>]
Overfull \hbox (4.21147pt too wide) has occurred while \output is active
  \OT1/cmss/bx/n/5 Performance of UDE based controller with second order actuat
or in the loop 
 []


Overfull \hbox (15.10658pt too wide) has occurred while \output is active
 [][][][] 
 []

[13

]

pdfTeX warning: pdflatex.exe (file ./fig5a.pdf): PDF inclusion: found PDF versi
on <1.7>, but at most version <1.5> allowed
<fig5a.pdf, id=634, 416.55624pt x 340.27126pt>
File: fig5a.pdf Graphic file (type pdf)
<use fig5a.pdf>
Package pdftex.def Info: fig5a.pdf  used on input line 490.
(pdftex.def)             Requested size: 105.2751pt x 85.99179pt.


pdfTeX warning: pdflatex.exe (file ./fig5b.pdf): PDF inclusion: found PDF versi
on <1.7>, but at most version <1.5> allowed
<fig5b.pdf, id=635, 416.55624pt x 340.27126pt>
File: fig5b.pdf Graphic file (type pdf)
<use fig5b.pdf>
Package pdftex.def Info: fig5b.pdf  used on input line 490.
(pdftex.def)             Requested size: 105.2751pt x 85.99179pt.


pdfTeX warning: pdflatex.exe (file ./fig5c.pdf): PDF inclusion: found PDF versi
on <1.7>, but at most version <1.5> allowed
<fig5c.pdf, id=636, 416.55624pt x 340.27126pt>
File: fig5c.pdf Graphic file (type pdf)
<use fig5c.pdf>
Package pdftex.def Info: fig5c.pdf  used on input line 490.
(pdftex.def)             Requested size: 105.2751pt x 85.99179pt.

Overfull \vbox (17.01381pt too high) detected at line 490
 []


Overfull \hbox (4.21147pt too wide) has occurred while \output is active
  \OT1/cmss/bx/n/5 Performance of UDE based controller with second order actuat
or in the loop 
 []


Overfull \hbox (15.10658pt too wide) has occurred while \output is active
 [][][][] 
 []

[14

 <./fig5a.pdf> <./fig5b.pdf> <./fig5c.pdf>]
Overfull \hbox (4.21147pt too wide) has occurred while \output is active
  []\OT1/cmss/bx/n/5 Performance of UDE based controller with second order actu
ator in the loop[] 
 []


Overfull \hbox (15.10658pt too wide) has occurred while \output is active
 [][][][] 
 []

[15

]

Package hyperref Warning: Token not allowed in a PDF string (PDFDocEncoding):
(hyperref)                removing `math shift' on input line 514.


Package hyperref Warning: Token not allowed in a PDF string (PDFDocEncoding):
(hyperref)                removing `\tau' on input line 514.


Package hyperref Warning: Token not allowed in a PDF string (PDFDocEncoding):
(hyperref)                removing `math shift' on input line 514.


Overfull \hbox (4.21147pt too wide) has occurred while \output is active
  []\OT1/cmss/bx/n/5 Performance of UDE based controller with second order actu
ator in the loop[] 
 []


Overfull \hbox (15.10658pt too wide) has occurred while \output is active
 [][][][] 
 []

[16

]
Overfull \hbox (4.21147pt too wide) has occurred while \output is active
  []\OT1/cmss/bx/n/5 Performance of UDE based controller with second order actu
ator in the loop[] 
 []


Overfull \hbox (15.10658pt too wide) has occurred while \output is active
 [][][][] 
 []

[17

]
Overfull \hbox (4.21147pt too wide) has occurred while \output is active
  []\OT1/cmss/bx/n/5 Performance of UDE based controller with second order actu
ator in the loop[] 
 []


Overfull \hbox (15.10658pt too wide) has occurred while \output is active
 [][][][] 
 []

[18

]

pdfTeX warning: pdflatex.exe (file ./fig6a.pdf): PDF inclusion: found PDF versi
on <1.7>, but at most version <1.5> allowed
<fig6a.pdf, id=824, 416.55624pt x 340.27126pt>
File: fig6a.pdf Graphic file (type pdf)
<use fig6a.pdf>
Package pdftex.def Info: fig6a.pdf  used on input line 612.
(pdftex.def)             Requested size: 105.2751pt x 85.99179pt.


pdfTeX warning: pdflatex.exe (file ./fig6b.pdf): PDF inclusion: found PDF versi
on <1.7>, but at most version <1.5> allowed
<fig6b.pdf, id=825, 416.55624pt x 340.27126pt>
File: fig6b.pdf Graphic file (type pdf)
<use fig6b.pdf>
Package pdftex.def Info: fig6b.pdf  used on input line 612.
(pdftex.def)             Requested size: 105.2751pt x 85.99179pt.


pdfTeX warning: pdflatex.exe (file ./fig6c.pdf): PDF inclusion: found PDF versi
on <1.7>, but at most version <1.5> allowed
<fig6c.pdf, id=826, 416.55624pt x 340.27126pt>
File: fig6c.pdf Graphic file (type pdf)
<use fig6c.pdf>
Package pdftex.def Info: fig6c.pdf  used on input line 612.
(pdftex.def)             Requested size: 96.73918pt x 79.01878pt.

Overfull \vbox (10.0408pt too high) detected at line 612
 []


Overfull \hbox (4.21147pt too wide) has occurred while \output is active
  []\OT1/cmss/bx/n/5 Performance of UDE based controller with second order actu
ator in the loop[] 
 []


Overfull \hbox (15.10658pt too wide) has occurred while \output is active
 [][][][] 
 []

[19

 <./fig6a.pdf> <./fig6b.pdf> <./fig6c.pdf>]
Overfull \hbox (4.21147pt too wide) has occurred while \output is active
  []\OT1/cmss/bx/n/5 Performance of UDE based controller with second order actu
ator in the loop[] 
 []


Overfull \hbox (15.10658pt too wide) has occurred while \output is active
 [][][][] 
 []

[20

]

pdfTeX warning: pdflatex.exe (file ./fig7.pdf): PDF inclusion: found PDF versio
n <1.7>, but at most version <1.5> allowed
<fig7.pdf, id=907, 483.74142pt x 98.27716pt>
File: fig7.pdf Graphic file (type pdf)
<use fig7.pdf>
Package pdftex.def Info: fig7.pdf  used on input line 641.
(pdftex.def)             Requested size: 239.00298pt x 48.55511pt.

Overfull \hbox (4.21147pt too wide) has occurred while \output is active
  []\OT1/cmss/bx/n/5 Performance of UDE based controller with second order actu
ator in the loop[] 
 []


Overfull \hbox (15.10658pt too wide) has occurred while \output is active
 [][][][] 
 []

[21

 <./fig7.pdf>]
Overfull \hbox (4.21147pt too wide) has occurred while \output is active
  []\OT1/cmss/bx/n/5 Performance of UDE based controller with second order actu
ator in the loop[] 
 []


Overfull \hbox (15.10658pt too wide) has occurred while \output is active
 [][][][] 
 []

[22

]
Overfull \hbox (4.21147pt too wide) has occurred while \output is active
  []\OT1/cmss/bx/n/5 Performance of UDE based controller with second order actu
ator in the loop[] 
 []


Overfull \hbox (15.10658pt too wide) has occurred while \output is active
 [][][][] 
 []

[23

]

pdfTeX warning: pdflatex.exe (file ./fig8a.pdf): PDF inclusion: found PDF versi
on <1.7>, but at most version <1.5> allowed
<fig8a.pdf, id=1039, 416.55624pt x 340.27126pt>
File: fig8a.pdf Graphic file (type pdf)
<use fig8a.pdf>
Package pdftex.def Info: fig8a.pdf  used on input line 691.
(pdftex.def)             Requested size: 105.2751pt x 85.99179pt.


pdfTeX warning: pdflatex.exe (file ./fig8b.pdf): PDF inclusion: found PDF versi
on <1.7>, but at most version <1.5> allowed
<fig8b.pdf, id=1040, 416.55624pt x 340.27126pt>
File: fig8b.pdf Graphic file (type pdf)
<use fig8b.pdf>
Package pdftex.def Info: fig8b.pdf  used on input line 691.
(pdftex.def)             Requested size: 105.2751pt x 85.99179pt.


pdfTeX warning: pdflatex.exe (file ./fig8c.pdf): PDF inclusion: found PDF versi
on <1.7>, but at most version <1.5> allowed
<fig8c.pdf, id=1041, 416.55624pt x 340.27126pt>
File: fig8c.pdf Graphic file (type pdf)
<use fig8c.pdf>
Package pdftex.def Info: fig8c.pdf  used on input line 691.
(pdftex.def)             Requested size: 96.73918pt x 79.01878pt.

Overfull \vbox (10.0408pt too high) detected at line 691
 []


Overfull \hbox (4.21147pt too wide) has occurred while \output is active
  []\OT1/cmss/bx/n/5 Performance of UDE based controller with second order actu
ator in the loop[] 
 []


Overfull \hbox (15.10658pt too wide) has occurred while \output is active
 [][][][] 
 []

[24

 <./fig8a.pdf> <./fig8b.pdf> <./fig8c.pdf>]
Overfull \hbox (4.21147pt too wide) has occurred while \output is active
  []\OT1/cmss/bx/n/5 Performance of UDE based controller with second order actu
ator in the loop[] 
 []


Overfull \hbox (15.10658pt too wide) has occurred while \output is active
 [][][][] 
 []

[25

]

pdfTeX warning: pdflatex.exe (file ./fig9.pdf): PDF inclusion: found PDF versio
n <1.7>, but at most version <1.5> allowed
<fig9.pdf, id=1122, 470.68848pt x 159.54607pt>
File: fig9.pdf Graphic file (type pdf)
<use fig9.pdf>
Package pdftex.def Info: fig9.pdf  used on input line 717.
(pdftex.def)             Requested size: 239.00298pt x 81.0144pt.

Overfull \hbox (4.21147pt too wide) has occurred while \output is active
  []\OT1/cmss/bx/n/5 Performance of UDE based controller with second order actu
ator in the loop[] 
 []


Overfull \hbox (15.10658pt too wide) has occurred while \output is active
 [][][][] 
 []

[26

 <./fig9.pdf>]

Class beamer Warning: Frame text is shrunk by a factor of 2.0462 percent instea
d of 0 percent on input line 768.


Overfull \hbox (4.21147pt too wide) has occurred while \output is active
  []\OT1/cmss/bx/n/5 Performance of UDE based controller with second order actu
ator in the loop[] 
 []


Overfull \hbox (15.10658pt too wide) has occurred while \output is active
 [][][][] 
 []

[27

]
Overfull \hbox (4.21147pt too wide) has occurred while \output is active
  []\OT1/cmss/bx/n/5 Performance of UDE based controller with second order actu
ator in the loop[] 
 []


Overfull \hbox (15.10658pt too wide) has occurred while \output is active
 [][][][] 
 []

[28

]
Overfull \hbox (4.21147pt too wide) has occurred while \output is active
  []\OT1/cmss/bx/n/5 Performance of UDE based controller with second order actu
ator in the loop[] 
 []


Overfull \hbox (15.10658pt too wide) has occurred while \output is active
 [][][][] 
 []

[29

]
Overfull \hbox (4.21147pt too wide) has occurred while \output is active
  []\OT1/cmss/bx/n/5 Performance of UDE based controller with second order actu
ator in the loop[] 
 []


Overfull \hbox (15.10658pt too wide) has occurred while \output is active
 [][][][] 
 []

[30

]

pdfTeX warning: pdflatex.exe (file ./fig10a.pdf): PDF inclusion: found PDF vers
ion <1.7>, but at most version <1.5> allowed
<fig10a.pdf, id=1341, 416.55624pt x 340.27126pt>
File: fig10a.pdf Graphic file (type pdf)
<use fig10a.pdf>
Package pdftex.def Info: fig10a.pdf  used on input line 828.
(pdftex.def)             Requested size: 93.89418pt x 76.6979pt.


pdfTeX warning: pdflatex.exe (file ./fig10b.pdf): PDF inclusion: found PDF vers
ion <1.7>, but at most version <1.5> allowed
<fig10b.pdf, id=1342, 416.55624pt x 340.27126pt>
File: fig10b.pdf Graphic file (type pdf)
<use fig10b.pdf>
Package pdftex.def Info: fig10b.pdf  used on input line 828.
(pdftex.def)             Requested size: 93.89418pt x 76.6979pt.


pdfTeX warning: pdflatex.exe (file ./fig10c.pdf): PDF inclusion: found PDF vers
ion <1.7>, but at most version <1.5> allowed
<fig10c.pdf, id=1343, 416.55624pt x 340.27126pt>
File: fig10c.pdf Graphic file (type pdf)
<use fig10c.pdf>
Package pdftex.def Info: fig10c.pdf  used on input line 828.
(pdftex.def)             Requested size: 93.89418pt x 76.6979pt.


pdfTeX warning: pdflatex.exe (file ./fig10d.pdf): PDF inclusion: found PDF vers
ion <1.7>, but at most version <1.5> allowed
<fig10d.pdf, id=1344, 416.55624pt x 340.27126pt>
File: fig10d.pdf Graphic file (type pdf)
<use fig10d.pdf>
Package pdftex.def Info: fig10d.pdf  used on input line 828.
(pdftex.def)             Requested size: 93.89418pt x 76.6979pt.

Overfull \vbox (14.37048pt too high) detected at line 828
 []


Overfull \hbox (4.21147pt too wide) has occurred while \output is active
  []\OT1/cmss/bx/n/5 Performance of UDE based controller with second order actu
ator in the loop[] 
 []


Overfull \hbox (15.10658pt too wide) has occurred while \output is active
 [][][][] 
 []

[31

 <./fig10a.pdf> <./fig10b.pdf> <./fig10c.pdf> <./fig10d.pdf>]
Overfull \hbox (4.21147pt too wide) has occurred while \output is active
  []\OT1/cmss/bx/n/5 Performance of UDE based controller with second order actu
ator in the loop[] 
 []


Overfull \hbox (15.10658pt too wide) has occurred while \output is active
 [][][][] 
 []

[32

]
<fig11a.jpg, id=1433, 563.10374pt x 421.575pt>
File: fig11a.jpg Graphic file (type jpg)
<use fig11a.jpg>
Package pdftex.def Info: fig11a.jpg  used on input line 861.
(pdftex.def)             Requested size: 93.89418pt x 70.29019pt.
<fig11b.jpg, id=1434, 563.10374pt x 421.575pt>
File: fig11b.jpg Graphic file (type jpg)
<use fig11b.jpg>
Package pdftex.def Info: fig11b.jpg  used on input line 861.
(pdftex.def)             Requested size: 93.89418pt x 70.29019pt.
<fig11c.jpg, id=1435, 563.10374pt x 421.575pt>
File: fig11c.jpg Graphic file (type jpg)
<use fig11c.jpg>
Package pdftex.def Info: fig11c.jpg  used on input line 861.
(pdftex.def)             Requested size: 93.89418pt x 70.29019pt.
<fig11d.jpg, id=1436, 563.10374pt x 421.575pt>
File: fig11d.jpg Graphic file (type jpg)
<use fig11d.jpg>
Package pdftex.def Info: fig11d.jpg  used on input line 861.
(pdftex.def)             Requested size: 93.89418pt x 70.29019pt.

Overfull \vbox (1.55505pt too high) detected at line 861
 []


Overfull \hbox (4.21147pt too wide) has occurred while \output is active
  []\OT1/cmss/bx/n/5 Performance of UDE based controller with second order actu
ator in the loop[] 
 []


Overfull \hbox (15.10658pt too wide) has occurred while \output is active
 [][][][] 
 []

[33

 <./fig11a.jpg> <./fig11b.jpg> <./fig11c.jpg> <./fig11d.jpg>]
Overfull \hbox (4.21147pt too wide) has occurred while \output is active
  []\OT1/cmss/bx/n/5 Performance of UDE based controller with second order actu
ator in the loop[] 
 []


Overfull \hbox (15.10658pt too wide) has occurred while \output is active
 [][][][] 
 []

[34

]
Overfull \hbox (4.21147pt too wide) has occurred while \output is active
  []\OT1/cmss/bx/n/5 Performance of UDE based controller with second order actu
ator in the loop[] 
 []


Overfull \hbox (15.10658pt too wide) has occurred while \output is active
 [][][][] 
 []

[35

]
Underfull \vbox (badness 10000) has occurred while \output is active []


Overfull \hbox (4.21147pt too wide) has occurred while \output is active
  []\OT1/cmss/bx/n/5 Performance of UDE based controller with second order actu
ator in the loop[] 
 []


Overfull \hbox (15.10658pt too wide) has occurred while \output is active
 [][][][] 
 []

[36

 <C:/opt/MiKTeX 2.9/tex/latex/beamer/beamericonarticle.pdf>]
Overfull \hbox (4.21147pt too wide) has occurred while \output is active
  []\OT1/cmss/bx/n/5 Performance of UDE based controller with second order actu
ator in the loop[] 
 []


Overfull \hbox (15.10658pt too wide) has occurred while \output is active
 [][][][] 
 []

[37]
\tf@nav=\write6
\openout6 = `INDICONBEAMER.nav'.

\tf@toc=\write7
\openout7 = `INDICONBEAMER.toc'.

\tf@snm=\write8
\openout8 = `INDICONBEAMER.snm'.

Package atveryend Info: Empty hook `BeforeClearDocument' on input line 976.
Package atveryend Info: Empty hook `AfterLastShipout' on input line 976.
 (INDICONBEAMER.aux)
Package atveryend Info: Executing hook `AtVeryEndDocument' on input line 976.
Package atveryend Info: Executing hook `AtEndAfterFileList' on input line 976.
Package rerunfilecheck Info: File `INDICONBEAMER.out' has not changed.
(rerunfilecheck)             Checksum: 6048F39C8DD43200DAB9E5221A80558E;1048.
 ) 
Here is how much of TeX's memory you used:
 22250 strings out of 493305
 431058 string characters out of 3143197
 496577 words of memory out of 3000000
 25194 multiletter control sequences out of 15000+200000
 14771 words of font info for 54 fonts, out of 3000000 for 9000
 1141 hyphenation exceptions out of 8191
 56i,22n,59p,875b,570s stack positions out of 5000i,500n,10000p,200000b,50000s
<C:/opt/MiKTeX 2.9/fonts/type1/public/amsfonts/cm/cmex10.pfb><C:/opt/MiKTeX 2
.9/fonts/type1/public/amsfonts/cmextra/cmex9.pfb><C:/opt/MiKTeX 2.9/fonts/type1
/public/amsfonts/cm/cmmi10.pfb><C:/opt/MiKTeX 2.9/fonts/type1/public/amsfonts/c
m/cmmi12.pfb><C:/opt/MiKTeX 2.9/fonts/type1/public/amsfonts/cm/cmmi5.pfb><C:/op
t/MiKTeX 2.9/fonts/type1/public/amsfonts/cm/cmmi6.pfb><C:/opt/MiKTeX 2.9/fonts/
type1/public/amsfonts/cm/cmmi7.pfb><C:/opt/MiKTeX 2.9/fonts/type1/public/amsfon
ts/cm/cmmi9.pfb><C:/opt/MiKTeX 2.9/fonts/type1/public/amsfonts/cm/cmss10.pfb><C
:/opt/MiKTeX 2.9/fonts/type1/public/amsfonts/cm/cmss12.pfb><C:/opt/MiKTeX 2.9/f
onts/type1/public/amsfonts/cm/cmss8.pfb><C:/opt/MiKTeX 2.9/fonts/type1/public/a
msfonts/cm/cmss9.pfb><C:/opt/MiKTeX 2.9/fonts/type1/public/amsfonts/cm/cmssbx10
.pfb><C:/opt/MiKTeX 2.9/fonts/type1/public/amsfonts/cm/cmssi10.pfb><C:/opt/MiKT
eX 2.9/fonts/type1/public/amsfonts/cm/cmssi8.pfb><C:/opt/MiKTeX 2.9/fonts/type1
/public/amsfonts/cm/cmssi9.pfb><C:/opt/MiKTeX 2.9/fonts/type1/public/amsfonts/c
m/cmsy10.pfb><C:/opt/MiKTeX 2.9/fonts/type1/public/amsfonts/cm/cmsy7.pfb><C:/op
t/MiKTeX 2.9/fonts/type1/public/amsfonts/cm/cmsy9.pfb><C:/opt/MiKTeX 2.9/fonts/
type1/public/amsfonts/symbols/msam10.pfb>
Output written on INDICONBEAMER.pdf (37 pages, 1125112 bytes).
PDF statistics:
 1697 PDF objects out of 1728 (max. 8388607)
 97 named destinations out of 1000 (max. 500000)
 267 words of extra memory for PDF output out of 10000 (max. 10000000)

